2011-08-04 14:33:03 Notice: Notice (8): Undefined index: food_id in [/home/g/Desktop/470repo/project/app/views/stores/view.ctp, line 135]
2011-08-04 15:44:14 Notice: Notice (8): Undefined variable: store in [/home/g/Desktop/470repo/project/app/views/owners/store_edit.ctp, line 28]
2011-08-04 15:52:02 Notice: Notice (8): Undefined property: View::$Paginator in [/home/g/Desktop/470repo/project/app/views/owners/foods.ctp, line 5]
2011-08-04 15:55:56 Notice: Notice (8): Undefined property: View::$Paginator in [/home/g/Desktop/470repo/project/app/views/owners/foods.ctp, line 5]
2011-08-04 15:57:26 Notice: Notice (8): Undefined index: Food in [/home/g/Desktop/470repo/project/app/views/owners/foods.ctp, line 25]
2011-08-04 15:57:26 Notice: Notice (8): Undefined index: FoodType in [/home/g/Desktop/470repo/project/app/views/owners/foods.ctp, line 27]
2011-08-04 15:57:26 Notice: Notice (8): Undefined index: Food in [/home/g/Desktop/470repo/project/app/views/owners/foods.ctp, line 29]
2011-08-04 15:57:26 Notice: Notice (8): Undefined index: Food in [/home/g/Desktop/470repo/project/app/views/owners/foods.ctp, line 30]
2011-08-04 15:57:26 Notice: Notice (8): Undefined index: Food in [/home/g/Desktop/470repo/project/app/views/owners/foods.ctp, line 31]
2011-08-04 15:57:26 Notice: Notice (8): Undefined index: Food in [/home/g/Desktop/470repo/project/app/views/owners/foods.ctp, line 32]
2011-08-04 15:57:26 Notice: Notice (8): Undefined index: Food in [/home/g/Desktop/470repo/project/app/views/owners/foods.ctp, line 33]
2011-08-04 15:57:26 Notice: Notice (8): Undefined index: Food in [/home/g/Desktop/470repo/project/app/views/owners/foods.ctp, line 34]
2011-08-04 15:57:26 Notice: Notice (8): Undefined index: Food in [/home/g/Desktop/470repo/project/app/views/owners/foods.ctp, line 35]
2011-08-04 15:57:26 Notice: Notice (8): Undefined index: Food in [/home/g/Desktop/470repo/project/app/views/owners/foods.ctp, line 37]
2011-08-04 15:57:26 Notice: Notice (8): Undefined index: Food in [/home/g/Desktop/470repo/project/app/views/owners/foods.ctp, line 38]
2011-08-04 15:57:26 Notice: Notice (8): Undefined index: Food in [/home/g/Desktop/470repo/project/app/views/owners/foods.ctp, line 39]
2011-08-04 15:58:53 Notice: Notice (8): Undefined index: Food in [/home/g/Desktop/470repo/project/app/views/owners/foods.ctp, line 25]
2011-08-04 15:58:53 Notice: Notice (8): Undefined index: FoodType in [/home/g/Desktop/470repo/project/app/views/owners/foods.ctp, line 27]
2011-08-04 15:58:53 Notice: Notice (8): Undefined index: Food in [/home/g/Desktop/470repo/project/app/views/owners/foods.ctp, line 29]
2011-08-04 15:58:53 Notice: Notice (8): Undefined index: Food in [/home/g/Desktop/470repo/project/app/views/owners/foods.ctp, line 30]
2011-08-04 15:58:53 Notice: Notice (8): Undefined index: Food in [/home/g/Desktop/470repo/project/app/views/owners/foods.ctp, line 31]
2011-08-04 15:58:53 Notice: Notice (8): Undefined index: Food in [/home/g/Desktop/470repo/project/app/views/owners/foods.ctp, line 32]
2011-08-04 15:58:53 Notice: Notice (8): Undefined index: Food in [/home/g/Desktop/470repo/project/app/views/owners/foods.ctp, line 33]
2011-08-04 15:58:53 Notice: Notice (8): Undefined index: Food in [/home/g/Desktop/470repo/project/app/views/owners/foods.ctp, line 34]
2011-08-04 15:58:53 Notice: Notice (8): Undefined index: Food in [/home/g/Desktop/470repo/project/app/views/owners/foods.ctp, line 35]
2011-08-04 15:58:53 Notice: Notice (8): Undefined index: Food in [/home/g/Desktop/470repo/project/app/views/owners/foods.ctp, line 37]
2011-08-04 15:58:53 Notice: Notice (8): Undefined index: Food in [/home/g/Desktop/470repo/project/app/views/owners/foods.ctp, line 38]
2011-08-04 15:58:53 Notice: Notice (8): Undefined index: Food in [/home/g/Desktop/470repo/project/app/views/owners/foods.ctp, line 39]
2011-08-04 15:59:17 Notice: Notice (8): Undefined index: Food in [/home/g/Desktop/470repo/project/app/views/owners/foods.ctp, line 25]
2011-08-04 15:59:17 Notice: Notice (8): Undefined index: FoodType in [/home/g/Desktop/470repo/project/app/views/owners/foods.ctp, line 27]
2011-08-04 15:59:17 Notice: Notice (8): Undefined index: Food in [/home/g/Desktop/470repo/project/app/views/owners/foods.ctp, line 29]
2011-08-04 15:59:17 Notice: Notice (8): Undefined index: Food in [/home/g/Desktop/470repo/project/app/views/owners/foods.ctp, line 30]
2011-08-04 15:59:17 Notice: Notice (8): Undefined index: Food in [/home/g/Desktop/470repo/project/app/views/owners/foods.ctp, line 31]
2011-08-04 15:59:17 Notice: Notice (8): Undefined index: Food in [/home/g/Desktop/470repo/project/app/views/owners/foods.ctp, line 32]
2011-08-04 15:59:17 Notice: Notice (8): Undefined index: Food in [/home/g/Desktop/470repo/project/app/views/owners/foods.ctp, line 33]
2011-08-04 15:59:17 Notice: Notice (8): Undefined index: Food in [/home/g/Desktop/470repo/project/app/views/owners/foods.ctp, line 34]
2011-08-04 15:59:17 Notice: Notice (8): Undefined index: Food in [/home/g/Desktop/470repo/project/app/views/owners/foods.ctp, line 35]
2011-08-04 15:59:17 Notice: Notice (8): Undefined index: Food in [/home/g/Desktop/470repo/project/app/views/owners/foods.ctp, line 37]
2011-08-04 15:59:17 Notice: Notice (8): Undefined index: Food in [/home/g/Desktop/470repo/project/app/views/owners/foods.ctp, line 38]
2011-08-04 15:59:17 Notice: Notice (8): Undefined index: Food in [/home/g/Desktop/470repo/project/app/views/owners/foods.ctp, line 39]
2011-08-04 15:59:58 Notice: Notice (8): Undefined variable: foods in [/home/g/Desktop/470repo/project/app/views/owners/foods.ctp, line 18]
2011-08-04 16:02:03 Notice: Notice (8): Undefined index: Food in [/home/g/Desktop/470repo/project/app/views/owners/foods.ctp, line 25]
2011-08-04 16:02:03 Notice: Notice (8): Undefined index: FoodType in [/home/g/Desktop/470repo/project/app/views/owners/foods.ctp, line 27]
2011-08-04 16:02:03 Notice: Notice (8): Undefined index: Food in [/home/g/Desktop/470repo/project/app/views/owners/foods.ctp, line 29]
2011-08-04 16:02:03 Notice: Notice (8): Undefined index: Food in [/home/g/Desktop/470repo/project/app/views/owners/foods.ctp, line 30]
2011-08-04 16:02:03 Notice: Notice (8): Undefined index: Food in [/home/g/Desktop/470repo/project/app/views/owners/foods.ctp, line 31]
2011-08-04 16:02:03 Notice: Notice (8): Undefined index: Food in [/home/g/Desktop/470repo/project/app/views/owners/foods.ctp, line 32]
2011-08-04 16:02:03 Notice: Notice (8): Undefined index: Food in [/home/g/Desktop/470repo/project/app/views/owners/foods.ctp, line 33]
2011-08-04 16:02:03 Notice: Notice (8): Undefined index: Food in [/home/g/Desktop/470repo/project/app/views/owners/foods.ctp, line 34]
2011-08-04 16:02:03 Notice: Notice (8): Undefined index: Food in [/home/g/Desktop/470repo/project/app/views/owners/foods.ctp, line 35]
2011-08-04 16:02:03 Notice: Notice (8): Undefined index: Food in [/home/g/Desktop/470repo/project/app/views/owners/foods.ctp, line 37]
2011-08-04 16:02:03 Notice: Notice (8): Undefined index: Food in [/home/g/Desktop/470repo/project/app/views/owners/foods.ctp, line 38]
2011-08-04 16:02:03 Notice: Notice (8): Undefined index: Food in [/home/g/Desktop/470repo/project/app/views/owners/foods.ctp, line 39]
2011-08-04 16:02:18 Notice: Notice (8): Undefined index: Food in [/home/g/Desktop/470repo/project/app/views/owners/foods.ctp, line 25]
2011-08-04 16:02:18 Notice: Notice (8): Undefined index: FoodType in [/home/g/Desktop/470repo/project/app/views/owners/foods.ctp, line 27]
2011-08-04 16:02:18 Notice: Notice (8): Undefined index: Food in [/home/g/Desktop/470repo/project/app/views/owners/foods.ctp, line 29]
2011-08-04 16:02:18 Notice: Notice (8): Undefined index: Food in [/home/g/Desktop/470repo/project/app/views/owners/foods.ctp, line 30]
2011-08-04 16:02:18 Notice: Notice (8): Undefined index: Food in [/home/g/Desktop/470repo/project/app/views/owners/foods.ctp, line 31]
2011-08-04 16:02:18 Notice: Notice (8): Undefined index: Food in [/home/g/Desktop/470repo/project/app/views/owners/foods.ctp, line 32]
2011-08-04 16:02:18 Notice: Notice (8): Undefined index: Food in [/home/g/Desktop/470repo/project/app/views/owners/foods.ctp, line 33]
2011-08-04 16:02:18 Notice: Notice (8): Undefined index: Food in [/home/g/Desktop/470repo/project/app/views/owners/foods.ctp, line 34]
2011-08-04 16:02:18 Notice: Notice (8): Undefined index: Food in [/home/g/Desktop/470repo/project/app/views/owners/foods.ctp, line 35]
2011-08-04 16:02:19 Notice: Notice (8): Undefined index: Food in [/home/g/Desktop/470repo/project/app/views/owners/foods.ctp, line 37]
2011-08-04 16:02:19 Notice: Notice (8): Undefined index: Food in [/home/g/Desktop/470repo/project/app/views/owners/foods.ctp, line 38]
2011-08-04 16:02:19 Notice: Notice (8): Undefined index: Food in [/home/g/Desktop/470repo/project/app/views/owners/foods.ctp, line 39]
2011-08-04 16:05:45 Notice: Notice (8): Undefined index: Food in [/home/g/Desktop/470repo/project/app/views/owners/foods.ctp, line 25]
2011-08-04 16:05:45 Notice: Notice (8): Undefined index: FoodType in [/home/g/Desktop/470repo/project/app/views/owners/foods.ctp, line 27]
2011-08-04 16:05:45 Notice: Notice (8): Undefined index: Food in [/home/g/Desktop/470repo/project/app/views/owners/foods.ctp, line 29]
2011-08-04 16:05:45 Notice: Notice (8): Undefined index: Food in [/home/g/Desktop/470repo/project/app/views/owners/foods.ctp, line 30]
2011-08-04 16:05:45 Notice: Notice (8): Undefined index: Food in [/home/g/Desktop/470repo/project/app/views/owners/foods.ctp, line 31]
2011-08-04 16:05:45 Notice: Notice (8): Undefined index: Food in [/home/g/Desktop/470repo/project/app/views/owners/foods.ctp, line 32]
2011-08-04 16:05:45 Notice: Notice (8): Undefined index: Food in [/home/g/Desktop/470repo/project/app/views/owners/foods.ctp, line 33]
2011-08-04 16:05:45 Notice: Notice (8): Undefined index: Food in [/home/g/Desktop/470repo/project/app/views/owners/foods.ctp, line 34]
2011-08-04 16:05:45 Notice: Notice (8): Undefined index: Food in [/home/g/Desktop/470repo/project/app/views/owners/foods.ctp, line 35]
2011-08-04 16:05:45 Notice: Notice (8): Undefined index: Food in [/home/g/Desktop/470repo/project/app/views/owners/foods.ctp, line 37]
2011-08-04 16:05:45 Notice: Notice (8): Undefined index: Food in [/home/g/Desktop/470repo/project/app/views/owners/foods.ctp, line 38]
2011-08-04 16:05:45 Notice: Notice (8): Undefined index: Food in [/home/g/Desktop/470repo/project/app/views/owners/foods.ctp, line 39]
2011-08-04 16:06:23 Notice: Notice (8): Undefined index: FoodType in [/home/g/Desktop/470repo/project/app/views/owners/foods.ctp, line 25]
2011-08-04 16:06:23 Notice: Notice (8): Undefined index: Food in [/home/g/Desktop/470repo/project/app/views/owners/foods.ctp, line 27]
2011-08-04 16:06:23 Notice: Notice (8): Undefined index: Food in [/home/g/Desktop/470repo/project/app/views/owners/foods.ctp, line 28]
2011-08-04 16:06:23 Notice: Notice (8): Undefined index: Food in [/home/g/Desktop/470repo/project/app/views/owners/foods.ctp, line 29]
2011-08-04 16:06:23 Notice: Notice (8): Undefined index: Food in [/home/g/Desktop/470repo/project/app/views/owners/foods.ctp, line 30]
2011-08-04 16:06:23 Notice: Notice (8): Undefined index: Food in [/home/g/Desktop/470repo/project/app/views/owners/foods.ctp, line 31]
2011-08-04 16:06:23 Notice: Notice (8): Undefined index: Food in [/home/g/Desktop/470repo/project/app/views/owners/foods.ctp, line 32]
2011-08-04 16:06:23 Notice: Notice (8): Undefined index: Food in [/home/g/Desktop/470repo/project/app/views/owners/foods.ctp, line 33]
2011-08-04 16:06:23 Notice: Notice (8): Undefined index: Food in [/home/g/Desktop/470repo/project/app/views/owners/foods.ctp, line 35]
2011-08-04 16:06:23 Notice: Notice (8): Undefined index: Food in [/home/g/Desktop/470repo/project/app/views/owners/foods.ctp, line 36]
2011-08-04 16:06:23 Notice: Notice (8): Undefined index: Food in [/home/g/Desktop/470repo/project/app/views/owners/foods.ctp, line 37]
2011-08-04 16:07:16 Notice: Notice (8): Undefined index: FoodType in [/home/g/Desktop/470repo/project/app/views/owners/foods.ctp, line 25]
2011-08-04 16:07:16 Notice: Notice (8): Undefined index: Food in [/home/g/Desktop/470repo/project/app/views/owners/foods.ctp, line 27]
2011-08-04 16:07:16 Notice: Notice (8): Undefined index: Food in [/home/g/Desktop/470repo/project/app/views/owners/foods.ctp, line 28]
2011-08-04 16:07:16 Notice: Notice (8): Undefined index: Food in [/home/g/Desktop/470repo/project/app/views/owners/foods.ctp, line 29]
2011-08-04 16:07:16 Notice: Notice (8): Undefined index: Food in [/home/g/Desktop/470repo/project/app/views/owners/foods.ctp, line 30]
2011-08-04 16:07:16 Notice: Notice (8): Undefined index: Food in [/home/g/Desktop/470repo/project/app/views/owners/foods.ctp, line 31]
2011-08-04 16:07:16 Notice: Notice (8): Undefined index: Food in [/home/g/Desktop/470repo/project/app/views/owners/foods.ctp, line 32]
2011-08-04 16:07:16 Notice: Notice (8): Undefined index: Food in [/home/g/Desktop/470repo/project/app/views/owners/foods.ctp, line 33]
2011-08-04 16:07:16 Notice: Notice (8): Undefined index: Food in [/home/g/Desktop/470repo/project/app/views/owners/foods.ctp, line 35]
2011-08-04 16:07:16 Notice: Notice (8): Undefined index: Food in [/home/g/Desktop/470repo/project/app/views/owners/foods.ctp, line 36]
2011-08-04 16:07:16 Notice: Notice (8): Undefined index: Food in [/home/g/Desktop/470repo/project/app/views/owners/foods.ctp, line 37]
2011-08-04 16:08:23 Notice: Notice (8): Undefined index: FoodType in [/home/g/Desktop/470repo/project/app/views/owners/foods.ctp, line 25]
2011-08-04 16:08:23 Notice: Notice (8): Undefined index: Food in [/home/g/Desktop/470repo/project/app/views/owners/foods.ctp, line 27]
2011-08-04 16:08:23 Notice: Notice (8): Undefined index: Food in [/home/g/Desktop/470repo/project/app/views/owners/foods.ctp, line 28]
2011-08-04 16:08:23 Notice: Notice (8): Undefined index: Food in [/home/g/Desktop/470repo/project/app/views/owners/foods.ctp, line 29]
2011-08-04 16:08:23 Notice: Notice (8): Undefined index: Food in [/home/g/Desktop/470repo/project/app/views/owners/foods.ctp, line 30]
2011-08-04 16:08:23 Notice: Notice (8): Undefined index: Food in [/home/g/Desktop/470repo/project/app/views/owners/foods.ctp, line 31]
2011-08-04 16:08:23 Notice: Notice (8): Undefined index: Food in [/home/g/Desktop/470repo/project/app/views/owners/foods.ctp, line 32]
2011-08-04 16:08:23 Notice: Notice (8): Undefined index: Food in [/home/g/Desktop/470repo/project/app/views/owners/foods.ctp, line 33]
2011-08-04 16:08:23 Notice: Notice (8): Undefined index: Food in [/home/g/Desktop/470repo/project/app/views/owners/foods.ctp, line 35]
2011-08-04 16:08:23 Notice: Notice (8): Undefined index: Food in [/home/g/Desktop/470repo/project/app/views/owners/foods.ctp, line 36]
2011-08-04 16:08:23 Notice: Notice (8): Undefined index: Food in [/home/g/Desktop/470repo/project/app/views/owners/foods.ctp, line 37]
2011-08-04 16:08:36 Notice: Notice (8): Undefined index: FoodType in [/home/g/Desktop/470repo/project/app/views/owners/foods.ctp, line 25]
2011-08-04 16:08:36 Notice: Notice (8): Undefined index: Food in [/home/g/Desktop/470repo/project/app/views/owners/foods.ctp, line 27]
2011-08-04 16:08:36 Notice: Notice (8): Undefined index: Food in [/home/g/Desktop/470repo/project/app/views/owners/foods.ctp, line 28]
2011-08-04 16:08:36 Notice: Notice (8): Undefined index: Food in [/home/g/Desktop/470repo/project/app/views/owners/foods.ctp, line 29]
2011-08-04 16:08:36 Notice: Notice (8): Undefined index: Food in [/home/g/Desktop/470repo/project/app/views/owners/foods.ctp, line 30]
2011-08-04 16:08:36 Notice: Notice (8): Undefined index: Food in [/home/g/Desktop/470repo/project/app/views/owners/foods.ctp, line 31]
2011-08-04 16:08:36 Notice: Notice (8): Undefined index: Food in [/home/g/Desktop/470repo/project/app/views/owners/foods.ctp, line 32]
2011-08-04 16:08:36 Notice: Notice (8): Undefined index: Food in [/home/g/Desktop/470repo/project/app/views/owners/foods.ctp, line 33]
2011-08-04 16:08:36 Notice: Notice (8): Undefined index: Food in [/home/g/Desktop/470repo/project/app/views/owners/foods.ctp, line 35]
2011-08-04 16:08:36 Notice: Notice (8): Undefined index: Food in [/home/g/Desktop/470repo/project/app/views/owners/foods.ctp, line 36]
2011-08-04 16:08:36 Notice: Notice (8): Undefined index: Food in [/home/g/Desktop/470repo/project/app/views/owners/foods.ctp, line 37]
2011-08-04 16:09:59 Notice: Notice (8): Undefined index: Food in [/home/g/Desktop/470repo/project/app/views/owners/foods.ctp, line 25]
2011-08-04 16:09:59 Notice: Notice (8): Undefined index: FoodType in [/home/g/Desktop/470repo/project/app/views/owners/foods.ctp, line 25]
2011-08-04 16:09:59 Notice: Notice (8): Undefined index: Food in [/home/g/Desktop/470repo/project/app/views/owners/foods.ctp, line 27]
2011-08-04 16:09:59 Notice: Notice (8): Undefined index: Food in [/home/g/Desktop/470repo/project/app/views/owners/foods.ctp, line 28]
2011-08-04 16:09:59 Notice: Notice (8): Undefined index: Food in [/home/g/Desktop/470repo/project/app/views/owners/foods.ctp, line 29]
2011-08-04 16:09:59 Notice: Notice (8): Undefined index: Food in [/home/g/Desktop/470repo/project/app/views/owners/foods.ctp, line 30]
2011-08-04 16:09:59 Notice: Notice (8): Undefined index: Food in [/home/g/Desktop/470repo/project/app/views/owners/foods.ctp, line 31]
2011-08-04 16:09:59 Notice: Notice (8): Undefined index: Food in [/home/g/Desktop/470repo/project/app/views/owners/foods.ctp, line 32]
2011-08-04 16:09:59 Notice: Notice (8): Undefined index: Food in [/home/g/Desktop/470repo/project/app/views/owners/foods.ctp, line 33]
2011-08-04 16:09:59 Notice: Notice (8): Undefined index: Food in [/home/g/Desktop/470repo/project/app/views/owners/foods.ctp, line 35]
2011-08-04 16:09:59 Notice: Notice (8): Undefined index: Food in [/home/g/Desktop/470repo/project/app/views/owners/foods.ctp, line 36]
2011-08-04 16:09:59 Notice: Notice (8): Undefined index: Food in [/home/g/Desktop/470repo/project/app/views/owners/foods.ctp, line 37]
2011-08-04 16:10:59 Notice: Notice (8): Undefined index: 0 in [/home/g/Desktop/470repo/project/app/views/owners/foods.ctp, line 25]
2011-08-04 16:10:59 Notice: Notice (8): Undefined index: FoodType in [/home/g/Desktop/470repo/project/app/views/owners/foods.ctp, line 25]
2011-08-04 16:10:59 Notice: Notice (8): Undefined index: Food in [/home/g/Desktop/470repo/project/app/views/owners/foods.ctp, line 27]
2011-08-04 16:10:59 Notice: Notice (8): Undefined index: Food in [/home/g/Desktop/470repo/project/app/views/owners/foods.ctp, line 28]
2011-08-04 16:10:59 Notice: Notice (8): Undefined index: Food in [/home/g/Desktop/470repo/project/app/views/owners/foods.ctp, line 29]
2011-08-04 16:10:59 Notice: Notice (8): Undefined index: Food in [/home/g/Desktop/470repo/project/app/views/owners/foods.ctp, line 30]
2011-08-04 16:10:59 Notice: Notice (8): Undefined index: Food in [/home/g/Desktop/470repo/project/app/views/owners/foods.ctp, line 31]
2011-08-04 16:10:59 Notice: Notice (8): Undefined index: Food in [/home/g/Desktop/470repo/project/app/views/owners/foods.ctp, line 32]
2011-08-04 16:10:59 Notice: Notice (8): Undefined index: Food in [/home/g/Desktop/470repo/project/app/views/owners/foods.ctp, line 33]
2011-08-04 16:10:59 Notice: Notice (8): Undefined index: Food in [/home/g/Desktop/470repo/project/app/views/owners/foods.ctp, line 35]
2011-08-04 16:10:59 Notice: Notice (8): Undefined index: Food in [/home/g/Desktop/470repo/project/app/views/owners/foods.ctp, line 36]
2011-08-04 16:10:59 Notice: Notice (8): Undefined index: Food in [/home/g/Desktop/470repo/project/app/views/owners/foods.ctp, line 37]
2011-08-04 16:12:16 Notice: Notice (8): Use of undefined constant food - assumed 'food' in [/home/g/Desktop/470repo/project/app/views/owners/foods.ctp, line 18]
2011-08-04 17:22:55 Notice: Notice (8): Undefined property: Food::$FoodStore in [/home/g/Desktop/470repo/project/app/controllers/owners_controller.php, line 109]
